2025-09-13 17:06:28 | INFO     | __main__:initialize:129 - Trading bot initialized successfully
2025-09-13 17:06:28 | WARNING  | __main__:initialize:132 - Bot is running in DRY RUN mode - no real trades will be executed
2025-09-13 17:06:29 | INFO     | mexc_client:test_api_permissions:241 - ✅ API connectivity successful
2025-09-13 17:06:29 | INFO     | mexc_client:test_api_permissions:252 - ✅ Account access successful
2025-09-13 17:06:29 | INFO     | mexc_client:test_api_permissions:253 - Account type: SPOT
2025-09-13 17:06:29 | INFO     | mexc_client:test_api_permissions:264 - ✅ Trading permissions enabled
2025-09-13 17:06:29 | INFO     | mexc_client:test_api_permissions:278 - USDT balance: 2.87144030328545
2025-09-13 17:06:29 | INFO     | __main__:initialize:129 - Trading bot initialized successfully
2025-09-13 17:06:29 | WARNING  | __main__:initialize:132 - Bot is running in DRY RUN mode - no real trades will be executed
2025-09-13 17:06:30 | INFO     | mexc_client:test_connectivity:220 - API connectivity test successful
2025-09-13 17:06:30 | INFO     | mexc_client:get_exchange_info:130 - Exchange info returned 1 symbols
2025-09-13 17:06:30 | INFO     | mexc_client:validate_symbol:204 - Symbol XRPUSDT validation: status=1, spotTradingAllowed=True
2025-09-13 17:06:30 | INFO     | __main__:initialize:129 - Trading bot initialized successfully
2025-09-13 17:06:30 | WARNING  | __main__:initialize:132 - Bot is running in DRY RUN mode - no real trades will be executed
2025-09-13 17:06:31 | INFO     | mexc_client:test_connectivity:220 - API connectivity test successful
2025-09-13 17:06:32 | INFO     | mexc_client:get_exchange_info:130 - Exchange info returned 2173 symbols
2025-09-13 17:06:32 | INFO     | mexc_client:get_all_symbols:176 - Found 1824 tradeable symbols (with spot trading enabled)
2025-09-13 17:06:32 | INFO     | mexc_client:search_symbols:188 - Found 26 symbols matching 'BTC'
2025-09-13 17:07:03 | INFO     | __main__:initialize:129 - Trading bot initialized successfully
2025-09-13 17:07:03 | WARNING  | __main__:initialize:132 - Bot is running in DRY RUN mode - no real trades will be executed
2025-09-13 17:07:04 | INFO     | mexc_client:test_api_permissions:241 - ✅ API connectivity successful
2025-09-13 17:07:04 | INFO     | mexc_client:test_api_permissions:252 - ✅ Account access successful
2025-09-13 17:07:04 | INFO     | mexc_client:test_api_permissions:253 - Account type: SPOT
2025-09-13 17:07:04 | INFO     | mexc_client:test_api_permissions:264 - ✅ Trading permissions enabled
2025-09-13 17:07:04 | INFO     | mexc_client:test_api_permissions:278 - USDT balance: 2.87144030328545
2025-09-13 17:07:21 | INFO     | __main__:initialize:129 - Trading bot initialized successfully
2025-09-13 17:07:21 | WARNING  | __main__:initialize:132 - Bot is running in DRY RUN mode - no real trades will be executed
2025-09-13 17:07:22 | INFO     | mexc_client:test_connectivity:220 - API connectivity test successful
2025-09-13 17:07:22 | INFO     | mexc_client:get_exchange_info:130 - Exchange info returned 1 symbols
2025-09-13 17:07:22 | INFO     | mexc_client:validate_symbol:204 - Symbol XRPUSDT validation: status=1, spotTradingAllowed=True
2025-09-13 17:09:17 | INFO     | __main__:initialize:129 - Trading bot initialized successfully
2025-09-13 17:09:17 | WARNING  | __main__:initialize:132 - Bot is running in DRY RUN mode - no real trades will be executed
2025-09-13 17:09:18 | INFO     | mexc_client:test_api_permissions:241 - ✅ API connectivity successful
2025-09-13 17:09:18 | INFO     | mexc_client:test_api_permissions:252 - ✅ Account access successful
2025-09-13 17:09:18 | INFO     | mexc_client:test_api_permissions:253 - Account type: SPOT
2025-09-13 17:09:18 | INFO     | mexc_client:test_api_permissions:264 - ✅ Trading permissions enabled
2025-09-13 17:09:18 | INFO     | mexc_client:test_api_permissions:278 - USDT balance: 2.87144030328545
2025-09-13 17:09:18 | INFO     | __main__:initialize:129 - Trading bot initialized successfully
2025-09-13 17:09:18 | WARNING  | __main__:initialize:132 - Bot is running in DRY RUN mode - no real trades will be executed
2025-09-13 17:09:19 | INFO     | mexc_client:test_connectivity:220 - API connectivity test successful
2025-09-13 17:09:20 | INFO     | mexc_client:get_exchange_info:130 - Exchange info returned 2173 symbols
2025-09-13 17:09:20 | INFO     | mexc_client:get_all_symbols:176 - Found 1824 tradeable symbols (with spot trading enabled)
2025-09-13 17:09:20 | INFO     | mexc_client:search_symbols:188 - Found 26 symbols matching 'BTC'
2025-09-13 17:10:24 | INFO     | __main__:initialize:129 - Trading bot initialized successfully
2025-09-13 17:10:24 | WARNING  | __main__:initialize:132 - Bot is running in DRY RUN mode - no real trades will be executed
2025-09-13 17:10:24 | INFO     | mexc_client:test_api_permissions:241 - ✅ API connectivity successful
2025-09-13 17:10:24 | INFO     | mexc_client:test_api_permissions:252 - ✅ Account access successful
2025-09-13 17:10:24 | INFO     | mexc_client:test_api_permissions:253 - Account type: SPOT
2025-09-13 17:10:24 | INFO     | mexc_client:test_api_permissions:264 - ✅ Trading permissions enabled
2025-09-13 17:10:24 | INFO     | mexc_client:test_api_permissions:278 - USDT balance: 2.87144030328545
2025-09-13 17:10:24 | INFO     | __main__:initialize:129 - Trading bot initialized successfully
2025-09-13 17:10:24 | WARNING  | __main__:initialize:132 - Bot is running in DRY RUN mode - no real trades will be executed
2025-09-13 17:10:25 | INFO     | mexc_client:test_connectivity:220 - API connectivity test successful
2025-09-13 17:10:25 | INFO     | mexc_client:get_exchange_info:130 - Exchange info returned 2173 symbols
2025-09-13 17:10:25 | INFO     | mexc_client:get_all_symbols:176 - Found 1824 tradeable symbols (with spot trading enabled)
2025-09-13 17:10:25 | INFO     | mexc_client:search_symbols:188 - Found 26 symbols matching 'BTC'
2025-09-13 17:11:29 | INFO     | __main__:initialize:129 - Trading bot initialized successfully
2025-09-13 17:11:29 | WARNING  | __main__:initialize:132 - Bot is running in DRY RUN mode - no real trades will be executed
2025-09-13 17:11:29 | INFO     | mexc_client:test_api_permissions:241 - ✅ API connectivity successful
2025-09-13 17:11:29 | INFO     | mexc_client:test_api_permissions:252 - ✅ Account access successful
2025-09-13 17:11:29 | INFO     | mexc_client:test_api_permissions:253 - Account type: SPOT
2025-09-13 17:11:29 | INFO     | mexc_client:test_api_permissions:264 - ✅ Trading permissions enabled
2025-09-13 17:11:29 | INFO     | mexc_client:test_api_permissions:278 - USDT balance: 2.87144030328545
2025-09-13 17:11:30 | INFO     | __main__:initialize:129 - Trading bot initialized successfully
2025-09-13 17:11:30 | WARNING  | __main__:initialize:132 - Bot is running in DRY RUN mode - no real trades will be executed
2025-09-13 17:11:30 | INFO     | mexc_client:test_connectivity:220 - API connectivity test successful
2025-09-13 17:11:31 | INFO     | mexc_client:get_exchange_info:130 - Exchange info returned 2173 symbols
2025-09-13 17:11:31 | INFO     | mexc_client:get_all_symbols:176 - Found 1824 tradeable symbols (with spot trading enabled)
2025-09-13 17:11:31 | INFO     | mexc_client:search_symbols:188 - Found 26 symbols matching 'BTC'
2025-09-13 17:12:19 | INFO     | main:initialize:129 - Trading bot initialized successfully
2025-09-13 17:12:19 | WARNING  | main:initialize:132 - Bot is running in DRY RUN mode - no real trades will be executed
2025-09-13 17:12:19 | INFO     | main:start:144 - Starting trading bot...
2025-09-13 17:12:19 | INFO     | trading_engine:monitor_positions:327 - Starting position monitoring...
2025-09-13 17:16:25 | INFO     | main:start:165 - Trading bot stopped
2025-09-13 17:16:25 | INFO     | __main__:initialize:129 - Trading bot initialized successfully
2025-09-13 17:16:25 | WARNING  | __main__:initialize:132 - Bot is running in DRY RUN mode - no real trades will be executed
2025-09-13 17:16:26 | INFO     | mexc_client:test_api_permissions:241 - ✅ API connectivity successful
2025-09-13 17:16:26 | INFO     | mexc_client:test_api_permissions:252 - ✅ Account access successful
2025-09-13 17:16:26 | INFO     | mexc_client:test_api_permissions:253 - Account type: SPOT
2025-09-13 17:16:26 | INFO     | mexc_client:test_api_permissions:264 - ✅ Trading permissions enabled
2025-09-13 17:16:26 | INFO     | mexc_client:test_api_permissions:278 - USDT balance: 2.87144030328545
2025-09-13 17:16:27 | INFO     | __main__:initialize:129 - Trading bot initialized successfully
2025-09-13 17:16:27 | WARNING  | __main__:initialize:132 - Bot is running in DRY RUN mode - no real trades will be executed
2025-09-13 17:16:27 | INFO     | mexc_client:test_api_permissions:241 - ✅ API connectivity successful
2025-09-13 17:16:28 | INFO     | mexc_client:test_api_permissions:252 - ✅ Account access successful
2025-09-13 17:16:28 | INFO     | mexc_client:test_api_permissions:253 - Account type: SPOT
2025-09-13 17:16:28 | INFO     | mexc_client:test_api_permissions:264 - ✅ Trading permissions enabled
2025-09-13 17:16:28 | INFO     | mexc_client:test_api_permissions:278 - USDT balance: 2.87144030328545
2025-09-13 17:16:28 | INFO     | __main__:initialize:129 - Trading bot initialized successfully
2025-09-13 17:16:28 | WARNING  | __main__:initialize:132 - Bot is running in DRY RUN mode - no real trades will be executed
2025-09-13 17:16:28 | INFO     | mexc_client:test_connectivity:220 - API connectivity test successful
2025-09-13 17:16:29 | INFO     | mexc_client:get_exchange_info:130 - Exchange info returned 2173 symbols
2025-09-13 17:16:29 | INFO     | mexc_client:get_all_symbols:176 - Found 1824 tradeable symbols (with spot trading enabled)
2025-09-13 17:16:29 | INFO     | mexc_client:search_symbols:188 - Found 26 symbols matching 'BTC'
2025-09-13 17:20:02 | INFO     | main:initialize:129 - Trading bot initialized successfully
2025-09-13 17:20:02 | WARNING  | main:initialize:132 - Bot is running in DRY RUN mode - no real trades will be executed
2025-09-13 17:20:02 | INFO     | main:start:144 - Starting trading bot...
2025-09-13 17:20:02 | INFO     | trading_engine:monitor_positions:327 - Starting position monitoring...
2025-09-13 17:20:20 | INFO     | main:start:165 - Trading bot stopped
2025-09-13 17:20:20 | INFO     | __main__:initialize:129 - Trading bot initialized successfully
2025-09-13 17:20:20 | WARNING  | __main__:initialize:132 - Bot is running in DRY RUN mode - no real trades will be executed
2025-09-13 17:20:21 | INFO     | mexc_client:test_api_permissions:241 - ✅ API connectivity successful
2025-09-13 17:20:22 | INFO     | mexc_client:test_api_permissions:252 - ✅ Account access successful
2025-09-13 17:20:22 | INFO     | mexc_client:test_api_permissions:253 - Account type: SPOT
2025-09-13 17:20:22 | INFO     | mexc_client:test_api_permissions:264 - ✅ Trading permissions enabled
2025-09-13 17:20:22 | INFO     | mexc_client:test_api_permissions:278 - USDT balance: 2.87144030328545
2025-09-13 17:20:22 | INFO     | __main__:initialize:129 - Trading bot initialized successfully
2025-09-13 17:20:22 | WARNING  | __main__:initialize:132 - Bot is running in DRY RUN mode - no real trades will be executed
2025-09-13 17:20:22 | INFO     | mexc_client:test_connectivity:220 - API connectivity test successful
2025-09-13 17:20:23 | INFO     | mexc_client:get_exchange_info:130 - Exchange info returned 2173 symbols
2025-09-13 17:20:23 | INFO     | mexc_client:get_all_symbols:176 - Found 1824 tradeable symbols (with spot trading enabled)
2025-09-13 17:20:23 | INFO     | mexc_client:search_symbols:188 - Found 26 symbols matching 'BTC'
2025-09-13 17:21:34 | INFO     | __main__:initialize:129 - Trading bot initialized successfully
2025-09-13 17:21:34 | WARNING  | __main__:initialize:132 - Bot is running in DRY RUN mode - no real trades will be executed
2025-09-13 17:21:34 | INFO     | mexc_client:test_api_permissions:241 - ✅ API connectivity successful
2025-09-13 17:21:34 | INFO     | mexc_client:test_api_permissions:252 - ✅ Account access successful
2025-09-13 17:21:34 | INFO     | mexc_client:test_api_permissions:253 - Account type: SPOT
2025-09-13 17:21:34 | INFO     | mexc_client:test_api_permissions:264 - ✅ Trading permissions enabled
2025-09-13 17:21:34 | INFO     | mexc_client:test_api_permissions:278 - USDT balance: 2.87144030328545
2025-09-13 17:21:57 | INFO     | __main__:initialize:129 - Trading bot initialized successfully
2025-09-13 17:21:57 | WARNING  | __main__:initialize:132 - Bot is running in DRY RUN mode - no real trades will be executed
2025-09-13 17:21:58 | INFO     | mexc_client:test_api_permissions:241 - ✅ API connectivity successful
2025-09-13 17:21:58 | INFO     | mexc_client:test_api_permissions:252 - ✅ Account access successful
2025-09-13 17:21:58 | INFO     | mexc_client:test_api_permissions:253 - Account type: SPOT
2025-09-13 17:21:58 | INFO     | mexc_client:test_api_permissions:264 - ✅ Trading permissions enabled
2025-09-13 17:21:58 | INFO     | mexc_client:test_api_permissions:278 - USDT balance: 2.87144030328545
2025-09-13 17:23:04 | INFO     | __main__:initialize:129 - Trading bot initialized successfully
2025-09-13 17:23:04 | WARNING  | __main__:initialize:132 - Bot is running in DRY RUN mode - no real trades will be executed
2025-09-13 17:23:04 | INFO     | __main__:start:144 - Starting trading bot...
2025-09-13 17:23:04 | INFO     | trading_engine:monitor_positions:327 - Starting position monitoring...
2025-09-13 17:24:42 | INFO     | __main__:start:165 - Trading bot stopped
2025-09-13 17:24:44 | INFO     | __main__:initialize:129 - Trading bot initialized successfully
2025-09-13 17:24:44 | WARNING  | __main__:initialize:132 - Bot is running in DRY RUN mode - no real trades will be executed
2025-09-13 17:24:44 | INFO     | __main__:start:144 - Starting trading bot...
2025-09-13 17:24:44 | INFO     | trading_engine:monitor_positions:327 - Starting position monitoring...
2025-09-13 17:24:49 | INFO     | __main__:start:165 - Trading bot stopped
2025-09-13 17:25:12 | INFO     | __main__:initialize:129 - Trading bot initialized successfully
2025-09-13 17:25:12 | WARNING  | __main__:initialize:132 - Bot is running in DRY RUN mode - no real trades will be executed
2025-09-13 17:25:12 | INFO     | __main__:start:144 - Starting trading bot...
2025-09-13 17:25:12 | INFO     | trading_engine:monitor_positions:327 - Starting position monitoring...
2025-09-13 17:25:15 | INFO     | __main__:start:165 - Trading bot stopped
2025-09-13 17:28:27 | INFO     | __main__:initialize:129 - Trading bot initialized successfully
2025-09-13 17:28:27 | WARNING  | __main__:initialize:132 - Bot is running in DRY RUN mode - no real trades will be executed
2025-09-13 17:28:27 | INFO     | __main__:start:144 - Starting trading bot...
2025-09-13 17:28:27 | INFO     | trading_engine:monitor_positions:327 - Starting position monitoring...
2025-09-13 17:57:15 | INFO     | __main__:start:165 - Trading bot stopped
2025-09-13 18:33:54 | INFO     | __main__:initialize:129 - Trading bot initialized successfully
2025-09-13 18:33:54 | WARNING  | __main__:initialize:132 - Bot is running in DRY RUN mode - no real trades will be executed
2025-09-13 18:33:54 | INFO     | __main__:start:144 - Starting trading bot...
2025-09-13 18:33:54 | INFO     | trading_engine:monitor_positions:404 - Starting position monitoring...
2025-09-13 18:33:54 | ERROR    | trading_engine:monitor_positions:432 - Error in position monitoring loop: 'TradingEngine' object has no attribute 'positions'
2025-09-13 18:33:55 | ERROR    | trading_engine:monitor_positions:432 - Error in position monitoring loop: 'TradingEngine' object has no attribute 'positions'
2025-09-13 18:33:56 | ERROR    | trading_engine:monitor_positions:432 - Error in position monitoring loop: 'TradingEngine' object has no attribute 'positions'
2025-09-13 18:33:57 | ERROR    | trading_engine:monitor_positions:432 - Error in position monitoring loop: 'TradingEngine' object has no attribute 'positions'
2025-09-13 18:33:58 | ERROR    | trading_engine:monitor_positions:432 - Error in position monitoring loop: 'TradingEngine' object has no attribute 'positions'
2025-09-13 18:34:00 | ERROR    | trading_engine:monitor_positions:432 - Error in position monitoring loop: 'TradingEngine' object has no attribute 'positions'
2025-09-13 18:34:01 | ERROR    | trading_engine:monitor_positions:432 - Error in position monitoring loop: 'TradingEngine' object has no attribute 'positions'
2025-09-13 18:34:02 | ERROR    | trading_engine:monitor_positions:432 - Error in position monitoring loop: 'TradingEngine' object has no attribute 'positions'
2025-09-13 18:34:03 | ERROR    | trading_engine:monitor_positions:432 - Error in position monitoring loop: 'TradingEngine' object has no attribute 'positions'
2025-09-13 18:34:04 | ERROR    | trading_engine:monitor_positions:432 - Error in position monitoring loop: 'TradingEngine' object has no attribute 'positions'
2025-09-13 18:34:05 | ERROR    | trading_engine:monitor_positions:432 - Error in position monitoring loop: 'TradingEngine' object has no attribute 'positions'
2025-09-13 18:34:06 | ERROR    | trading_engine:monitor_positions:432 - Error in position monitoring loop: 'TradingEngine' object has no attribute 'positions'
2025-09-13 18:34:07 | ERROR    | trading_engine:monitor_positions:432 - Error in position monitoring loop: 'TradingEngine' object has no attribute 'positions'
2025-09-13 18:34:08 | ERROR    | trading_engine:monitor_positions:432 - Error in position monitoring loop: 'TradingEngine' object has no attribute 'positions'
2025-09-13 18:34:09 | ERROR    | trading_engine:monitor_positions:432 - Error in position monitoring loop: 'TradingEngine' object has no attribute 'positions'
2025-09-13 18:34:10 | ERROR    | trading_engine:monitor_positions:432 - Error in position monitoring loop: 'TradingEngine' object has no attribute 'positions'
2025-09-13 18:34:11 | ERROR    | trading_engine:monitor_positions:432 - Error in position monitoring loop: 'TradingEngine' object has no attribute 'positions'
2025-09-13 18:34:12 | ERROR    | trading_engine:monitor_positions:432 - Error in position monitoring loop: 'TradingEngine' object has no attribute 'positions'
2025-09-13 18:34:13 | ERROR    | trading_engine:monitor_positions:432 - Error in position monitoring loop: 'TradingEngine' object has no attribute 'positions'
2025-09-13 18:34:14 | ERROR    | trading_engine:monitor_positions:432 - Error in position monitoring loop: 'TradingEngine' object has no attribute 'positions'
2025-09-13 18:34:15 | ERROR    | trading_engine:monitor_positions:432 - Error in position monitoring loop: 'TradingEngine' object has no attribute 'positions'
2025-09-13 18:34:16 | ERROR    | trading_engine:monitor_positions:432 - Error in position monitoring loop: 'TradingEngine' object has no attribute 'positions'
2025-09-13 18:34:17 | ERROR    | trading_engine:monitor_positions:432 - Error in position monitoring loop: 'TradingEngine' object has no attribute 'positions'
2025-09-13 18:34:18 | ERROR    | trading_engine:monitor_positions:432 - Error in position monitoring loop: 'TradingEngine' object has no attribute 'positions'
2025-09-13 18:34:19 | ERROR    | trading_engine:monitor_positions:432 - Error in position monitoring loop: 'TradingEngine' object has no attribute 'positions'
2025-09-13 18:34:20 | ERROR    | trading_engine:monitor_positions:432 - Error in position monitoring loop: 'TradingEngine' object has no attribute 'positions'
2025-09-13 18:34:21 | ERROR    | trading_engine:monitor_positions:432 - Error in position monitoring loop: 'TradingEngine' object has no attribute 'positions'
2025-09-13 18:34:22 | ERROR    | trading_engine:monitor_positions:432 - Error in position monitoring loop: 'TradingEngine' object has no attribute 'positions'
2025-09-13 18:34:23 | ERROR    | trading_engine:monitor_positions:432 - Error in position monitoring loop: 'TradingEngine' object has no attribute 'positions'
2025-09-13 18:34:24 | ERROR    | trading_engine:monitor_positions:432 - Error in position monitoring loop: 'TradingEngine' object has no attribute 'positions'
2025-09-13 18:34:25 | ERROR    | trading_engine:monitor_positions:432 - Error in position monitoring loop: 'TradingEngine' object has no attribute 'positions'
2025-09-13 18:34:26 | ERROR    | trading_engine:monitor_positions:432 - Error in position monitoring loop: 'TradingEngine' object has no attribute 'positions'
2025-09-13 18:34:27 | ERROR    | trading_engine:monitor_positions:432 - Error in position monitoring loop: 'TradingEngine' object has no attribute 'positions'
2025-09-13 18:34:28 | ERROR    | trading_engine:monitor_positions:432 - Error in position monitoring loop: 'TradingEngine' object has no attribute 'positions'
2025-09-13 18:34:29 | ERROR    | trading_engine:monitor_positions:432 - Error in position monitoring loop: 'TradingEngine' object has no attribute 'positions'
2025-09-13 18:34:30 | ERROR    | trading_engine:monitor_positions:432 - Error in position monitoring loop: 'TradingEngine' object has no attribute 'positions'
2025-09-13 18:34:31 | ERROR    | trading_engine:monitor_positions:432 - Error in position monitoring loop: 'TradingEngine' object has no attribute 'positions'
2025-09-13 18:34:32 | ERROR    | trading_engine:monitor_positions:432 - Error in position monitoring loop: 'TradingEngine' object has no attribute 'positions'
2025-09-13 18:34:33 | ERROR    | trading_engine:monitor_positions:432 - Error in position monitoring loop: 'TradingEngine' object has no attribute 'positions'
2025-09-13 18:34:34 | ERROR    | trading_engine:monitor_positions:432 - Error in position monitoring loop: 'TradingEngine' object has no attribute 'positions'
2025-09-13 18:34:35 | ERROR    | trading_engine:monitor_positions:432 - Error in position monitoring loop: 'TradingEngine' object has no attribute 'positions'
2025-09-13 18:34:36 | ERROR    | trading_engine:monitor_positions:432 - Error in position monitoring loop: 'TradingEngine' object has no attribute 'positions'
2025-09-13 18:34:37 | ERROR    | trading_engine:monitor_positions:432 - Error in position monitoring loop: 'TradingEngine' object has no attribute 'positions'
2025-09-13 18:34:38 | ERROR    | trading_engine:monitor_positions:432 - Error in position monitoring loop: 'TradingEngine' object has no attribute 'positions'
2025-09-13 18:34:39 | ERROR    | trading_engine:monitor_positions:432 - Error in position monitoring loop: 'TradingEngine' object has no attribute 'positions'
2025-09-13 18:34:40 | ERROR    | trading_engine:monitor_positions:432 - Error in position monitoring loop: 'TradingEngine' object has no attribute 'positions'
2025-09-13 18:34:41 | ERROR    | trading_engine:monitor_positions:432 - Error in position monitoring loop: 'TradingEngine' object has no attribute 'positions'
2025-09-13 18:34:42 | ERROR    | trading_engine:monitor_positions:432 - Error in position monitoring loop: 'TradingEngine' object has no attribute 'positions'
2025-09-13 18:34:43 | ERROR    | trading_engine:monitor_positions:432 - Error in position monitoring loop: 'TradingEngine' object has no attribute 'positions'
2025-09-13 18:34:44 | ERROR    | trading_engine:monitor_positions:432 - Error in position monitoring loop: 'TradingEngine' object has no attribute 'positions'
2025-09-13 18:34:45 | ERROR    | trading_engine:monitor_positions:432 - Error in position monitoring loop: 'TradingEngine' object has no attribute 'positions'
2025-09-13 18:34:46 | ERROR    | trading_engine:monitor_positions:432 - Error in position monitoring loop: 'TradingEngine' object has no attribute 'positions'
2025-09-13 18:34:47 | ERROR    | trading_engine:monitor_positions:432 - Error in position monitoring loop: 'TradingEngine' object has no attribute 'positions'
2025-09-13 18:34:48 | ERROR    | trading_engine:monitor_positions:432 - Error in position monitoring loop: 'TradingEngine' object has no attribute 'positions'
2025-09-13 18:34:49 | ERROR    | trading_engine:monitor_positions:432 - Error in position monitoring loop: 'TradingEngine' object has no attribute 'positions'
2025-09-13 18:34:50 | ERROR    | trading_engine:monitor_positions:432 - Error in position monitoring loop: 'TradingEngine' object has no attribute 'positions'
2025-09-13 18:34:51 | ERROR    | trading_engine:monitor_positions:432 - Error in position monitoring loop: 'TradingEngine' object has no attribute 'positions'
2025-09-13 18:34:52 | ERROR    | trading_engine:monitor_positions:432 - Error in position monitoring loop: 'TradingEngine' object has no attribute 'positions'
2025-09-13 18:34:53 | ERROR    | trading_engine:monitor_positions:432 - Error in position monitoring loop: 'TradingEngine' object has no attribute 'positions'
2025-09-13 18:34:54 | ERROR    | trading_engine:monitor_positions:432 - Error in position monitoring loop: 'TradingEngine' object has no attribute 'positions'
2025-09-13 18:34:55 | ERROR    | trading_engine:monitor_positions:432 - Error in position monitoring loop: 'TradingEngine' object has no attribute 'positions'
2025-09-13 18:34:56 | ERROR    | trading_engine:monitor_positions:432 - Error in position monitoring loop: 'TradingEngine' object has no attribute 'positions'
2025-09-13 18:34:57 | ERROR    | trading_engine:monitor_positions:432 - Error in position monitoring loop: 'TradingEngine' object has no attribute 'positions'
2025-09-13 18:34:58 | ERROR    | trading_engine:monitor_positions:432 - Error in position monitoring loop: 'TradingEngine' object has no attribute 'positions'
2025-09-13 18:34:59 | ERROR    | trading_engine:monitor_positions:432 - Error in position monitoring loop: 'TradingEngine' object has no attribute 'positions'
2025-09-13 18:35:00 | ERROR    | trading_engine:monitor_positions:432 - Error in position monitoring loop: 'TradingEngine' object has no attribute 'positions'
2025-09-13 18:35:01 | ERROR    | trading_engine:monitor_positions:432 - Error in position monitoring loop: 'TradingEngine' object has no attribute 'positions'
2025-09-13 18:35:02 | ERROR    | trading_engine:monitor_positions:432 - Error in position monitoring loop: 'TradingEngine' object has no attribute 'positions'
2025-09-13 18:35:03 | ERROR    | trading_engine:monitor_positions:432 - Error in position monitoring loop: 'TradingEngine' object has no attribute 'positions'
2025-09-13 18:35:04 | ERROR    | trading_engine:monitor_positions:432 - Error in position monitoring loop: 'TradingEngine' object has no attribute 'positions'
2025-09-13 18:35:05 | ERROR    | trading_engine:monitor_positions:432 - Error in position monitoring loop: 'TradingEngine' object has no attribute 'positions'
2025-09-13 18:35:06 | ERROR    | trading_engine:monitor_positions:432 - Error in position monitoring loop: 'TradingEngine' object has no attribute 'positions'
2025-09-13 18:35:07 | ERROR    | trading_engine:monitor_positions:432 - Error in position monitoring loop: 'TradingEngine' object has no attribute 'positions'
2025-09-13 18:35:08 | ERROR    | trading_engine:monitor_positions:432 - Error in position monitoring loop: 'TradingEngine' object has no attribute 'positions'
2025-09-13 18:35:09 | ERROR    | trading_engine:monitor_positions:432 - Error in position monitoring loop: 'TradingEngine' object has no attribute 'positions'
2025-09-13 18:35:10 | ERROR    | trading_engine:monitor_positions:432 - Error in position monitoring loop: 'TradingEngine' object has no attribute 'positions'
2025-09-13 18:35:11 | ERROR    | trading_engine:monitor_positions:432 - Error in position monitoring loop: 'TradingEngine' object has no attribute 'positions'
2025-09-13 18:35:12 | ERROR    | trading_engine:monitor_positions:432 - Error in position monitoring loop: 'TradingEngine' object has no attribute 'positions'
2025-09-13 18:35:13 | ERROR    | trading_engine:monitor_positions:432 - Error in position monitoring loop: 'TradingEngine' object has no attribute 'positions'
2025-09-13 18:35:14 | ERROR    | trading_engine:monitor_positions:432 - Error in position monitoring loop: 'TradingEngine' object has no attribute 'positions'
2025-09-13 18:35:15 | ERROR    | trading_engine:monitor_positions:432 - Error in position monitoring loop: 'TradingEngine' object has no attribute 'positions'
2025-09-13 18:35:16 | ERROR    | trading_engine:monitor_positions:432 - Error in position monitoring loop: 'TradingEngine' object has no attribute 'positions'
2025-09-13 18:35:17 | ERROR    | trading_engine:monitor_positions:432 - Error in position monitoring loop: 'TradingEngine' object has no attribute 'positions'
2025-09-13 18:35:18 | ERROR    | trading_engine:monitor_positions:432 - Error in position monitoring loop: 'TradingEngine' object has no attribute 'positions'
2025-09-13 18:35:19 | ERROR    | trading_engine:monitor_positions:432 - Error in position monitoring loop: 'TradingEngine' object has no attribute 'positions'
2025-09-13 18:35:20 | ERROR    | trading_engine:monitor_positions:432 - Error in position monitoring loop: 'TradingEngine' object has no attribute 'positions'
2025-09-13 18:35:21 | ERROR    | trading_engine:monitor_positions:432 - Error in position monitoring loop: 'TradingEngine' object has no attribute 'positions'
2025-09-13 18:35:22 | ERROR    | trading_engine:monitor_positions:432 - Error in position monitoring loop: 'TradingEngine' object has no attribute 'positions'
2025-09-13 18:35:23 | ERROR    | trading_engine:monitor_positions:432 - Error in position monitoring loop: 'TradingEngine' object has no attribute 'positions'
2025-09-13 18:35:24 | ERROR    | trading_engine:monitor_positions:432 - Error in position monitoring loop: 'TradingEngine' object has no attribute 'positions'
2025-09-13 18:35:25 | ERROR    | trading_engine:monitor_positions:432 - Error in position monitoring loop: 'TradingEngine' object has no attribute 'positions'
2025-09-13 18:35:26 | ERROR    | trading_engine:monitor_positions:432 - Error in position monitoring loop: 'TradingEngine' object has no attribute 'positions'
2025-09-13 18:35:27 | ERROR    | trading_engine:monitor_positions:432 - Error in position monitoring loop: 'TradingEngine' object has no attribute 'positions'
2025-09-13 18:35:28 | ERROR    | trading_engine:monitor_positions:432 - Error in position monitoring loop: 'TradingEngine' object has no attribute 'positions'
2025-09-13 18:35:29 | ERROR    | trading_engine:monitor_positions:432 - Error in position monitoring loop: 'TradingEngine' object has no attribute 'positions'
2025-09-13 18:35:30 | ERROR    | trading_engine:monitor_positions:432 - Error in position monitoring loop: 'TradingEngine' object has no attribute 'positions'
2025-09-13 18:35:31 | ERROR    | trading_engine:monitor_positions:432 - Error in position monitoring loop: 'TradingEngine' object has no attribute 'positions'
2025-09-13 18:35:32 | ERROR    | trading_engine:monitor_positions:432 - Error in position monitoring loop: 'TradingEngine' object has no attribute 'positions'
2025-09-13 18:35:33 | ERROR    | trading_engine:monitor_positions:432 - Error in position monitoring loop: 'TradingEngine' object has no attribute 'positions'
2025-09-13 18:35:34 | ERROR    | trading_engine:monitor_positions:432 - Error in position monitoring loop: 'TradingEngine' object has no attribute 'positions'
2025-09-13 18:35:35 | ERROR    | trading_engine:monitor_positions:432 - Error in position monitoring loop: 'TradingEngine' object has no attribute 'positions'
2025-09-13 18:35:36 | ERROR    | trading_engine:monitor_positions:432 - Error in position monitoring loop: 'TradingEngine' object has no attribute 'positions'
2025-09-13 18:35:37 | ERROR    | trading_engine:monitor_positions:432 - Error in position monitoring loop: 'TradingEngine' object has no attribute 'positions'
2025-09-13 18:35:38 | ERROR    | trading_engine:monitor_positions:432 - Error in position monitoring loop: 'TradingEngine' object has no attribute 'positions'
2025-09-13 18:35:39 | ERROR    | trading_engine:monitor_positions:432 - Error in position monitoring loop: 'TradingEngine' object has no attribute 'positions'
2025-09-13 18:35:40 | ERROR    | trading_engine:monitor_positions:432 - Error in position monitoring loop: 'TradingEngine' object has no attribute 'positions'
2025-09-13 18:35:41 | ERROR    | trading_engine:monitor_positions:432 - Error in position monitoring loop: 'TradingEngine' object has no attribute 'positions'
2025-09-13 18:35:42 | ERROR    | trading_engine:monitor_positions:432 - Error in position monitoring loop: 'TradingEngine' object has no attribute 'positions'
2025-09-13 18:35:43 | ERROR    | trading_engine:monitor_positions:432 - Error in position monitoring loop: 'TradingEngine' object has no attribute 'positions'
2025-09-13 18:35:44 | ERROR    | trading_engine:monitor_positions:432 - Error in position monitoring loop: 'TradingEngine' object has no attribute 'positions'
2025-09-13 18:35:45 | ERROR    | trading_engine:monitor_positions:432 - Error in position monitoring loop: 'TradingEngine' object has no attribute 'positions'
2025-09-13 18:35:46 | ERROR    | trading_engine:monitor_positions:432 - Error in position monitoring loop: 'TradingEngine' object has no attribute 'positions'
2025-09-13 18:35:47 | ERROR    | trading_engine:monitor_positions:432 - Error in position monitoring loop: 'TradingEngine' object has no attribute 'positions'
2025-09-13 18:35:48 | ERROR    | trading_engine:monitor_positions:432 - Error in position monitoring loop: 'TradingEngine' object has no attribute 'positions'
2025-09-13 18:35:49 | ERROR    | trading_engine:monitor_positions:432 - Error in position monitoring loop: 'TradingEngine' object has no attribute 'positions'
2025-09-13 18:35:50 | ERROR    | trading_engine:monitor_positions:432 - Error in position monitoring loop: 'TradingEngine' object has no attribute 'positions'
2025-09-13 18:35:51 | ERROR    | trading_engine:monitor_positions:432 - Error in position monitoring loop: 'TradingEngine' object has no attribute 'positions'
2025-09-13 18:35:52 | ERROR    | trading_engine:monitor_positions:432 - Error in position monitoring loop: 'TradingEngine' object has no attribute 'positions'
2025-09-13 18:35:53 | ERROR    | trading_engine:monitor_positions:432 - Error in position monitoring loop: 'TradingEngine' object has no attribute 'positions'
2025-09-13 18:35:54 | ERROR    | trading_engine:monitor_positions:432 - Error in position monitoring loop: 'TradingEngine' object has no attribute 'positions'
2025-09-13 18:35:55 | ERROR    | trading_engine:monitor_positions:432 - Error in position monitoring loop: 'TradingEngine' object has no attribute 'positions'
2025-09-13 18:35:56 | ERROR    | trading_engine:monitor_positions:432 - Error in position monitoring loop: 'TradingEngine' object has no attribute 'positions'
2025-09-13 18:35:57 | ERROR    | trading_engine:monitor_positions:432 - Error in position monitoring loop: 'TradingEngine' object has no attribute 'positions'
2025-09-13 18:35:58 | ERROR    | trading_engine:monitor_positions:432 - Error in position monitoring loop: 'TradingEngine' object has no attribute 'positions'
2025-09-13 18:35:59 | ERROR    | trading_engine:monitor_positions:432 - Error in position monitoring loop: 'TradingEngine' object has no attribute 'positions'
2025-09-13 18:36:00 | ERROR    | trading_engine:monitor_positions:432 - Error in position monitoring loop: 'TradingEngine' object has no attribute 'positions'
2025-09-13 18:36:00 | INFO     | __main__:start:165 - Trading bot stopped
2025-09-13 22:12:16 | INFO | Trading UI initialized
2025-09-13 22:12:16 | INFO | Trading UI initialized
2025-09-13 22:12:16 | INFO | Trading UI initialized
2025-09-13 22:12:16 | ERROR | Failed to initialize colors: must call initscr() first
2025-09-13 22:13:29 | INFO | Trading UI initialized
2025-09-13 22:13:29 | INFO | Trading UI initialized
2025-09-13 22:13:29 | ERROR | Request failed: 'NoneType' object has no attribute 'request'
2025-09-13 22:13:29 | ERROR | Error fetching account balances: 'NoneType' object has no attribute 'request'
2025-09-13 22:15:00 | INFO | Active configuration:
2025-09-13 22:15:00 | INFO |   Symbol: XRP_USDT
2025-09-13 22:15:00 | INFO |   Trade Amount: 0.001
2025-09-13 22:15:00 | INFO |   Mode: DRY RUN
2025-09-13 22:15:00 | INFO | Trading UI initialized
2025-09-13 22:15:00 | ERROR | Failed to initialize colors: must call initscr() first
2025-09-13 22:15:00 | INFO | Initializing trading engine...
2025-09-13 22:15:00 | INFO | Testing API connection...
2025-09-13 22:15:00 | INFO | Successfully fetched 1 klines
2025-09-13 22:15:00 | INFO | Fetching historical data (attempt 1/3)...
2025-09-13 22:15:01 | INFO | Successfully fetched 500 klines
2025-09-13 22:15:01 | INFO | Received 500 historical price points
2025-09-13 22:15:01 | INFO | Trading engine initialized successfully
2025-09-13 22:15:01 | INFO | Trading bot initialized successfully
2025-09-13 22:15:01 | WARNING | Bot is running in DRY RUN mode - no real trades will be executed
2025-09-13 22:15:01 | INFO | Initializing trading engine...
2025-09-13 22:15:01 | INFO | Initializing trading engine...
2025-09-13 22:15:01 | INFO | Testing API connection...
2025-09-13 22:15:01 | INFO | Successfully fetched 1 klines
2025-09-13 22:15:01 | INFO | Fetching historical data (attempt 1/3)...
2025-09-13 22:15:01 | ERROR | Error updating strategy: 'BotConfig' object has no attribute 'dry_run'
2025-09-13 22:15:01 | ERROR | Error getting strategy state: 'MexcClient' object has no attribute 'get_latest_price'
2025-09-13 22:15:01 | INFO | Successfully fetched 500 klines
2025-09-13 22:15:01 | INFO | Received 500 historical price points
2025-09-13 22:15:01 | INFO | Trading engine initialized successfully
2025-09-13 22:15:01 | INFO | Trading engine initialized successfully
2025-09-13 22:17:50 | INFO | Trading UI initialized
2025-09-13 22:17:50 | INFO | Trading UI initialized
2025-09-13 22:17:50 | ERROR | Request failed: 'NoneType' object has no attribute 'request'
2025-09-13 22:17:50 | ERROR | Error fetching account balances: 'NoneType' object has no attribute 'request'
2025-09-13 22:19:44 | INFO | Active configuration:
2025-09-13 22:19:44 | INFO |   Symbol: XRP_USDT
2025-09-13 22:19:44 | INFO |   Trade Amount: 0.001
2025-09-13 22:19:44 | INFO |   Mode: DRY RUN
2025-09-13 22:19:44 | INFO | Trading UI initialized
2025-09-13 22:19:44 | ERROR | Failed to initialize colors: must call initscr() first
2025-09-13 22:19:44 | INFO | Initializing trading engine...
2025-09-13 22:19:44 | INFO | Testing API connection...
2025-09-13 22:19:44 | INFO | Successfully fetched 1 klines
2025-09-13 22:19:44 | INFO | Fetching historical data (attempt 1/3)...
2025-09-13 22:19:44 | INFO | Successfully fetched 500 klines
2025-09-13 22:19:44 | INFO | Received 500 historical price points
2025-09-13 22:19:44 | INFO | Trading engine initialized successfully
2025-09-13 22:19:44 | INFO | Trading bot initialized successfully
2025-09-13 22:19:44 | WARNING | Bot is running in DRY RUN mode - no real trades will be executed
2025-09-13 22:19:44 | INFO | Initializing trading engine...
2025-09-13 22:19:44 | INFO | Initializing trading engine...
2025-09-13 22:19:44 | INFO | Testing API connection...
2025-09-13 22:19:44 | INFO | Successfully fetched 1 klines
2025-09-13 22:19:44 | INFO | Fetching historical data (attempt 1/3)...
2025-09-13 22:19:45 | ERROR | Error updating strategy: 'BotConfig' object has no attribute 'dry_run'
2025-09-13 22:19:45 | ERROR | Error getting strategy state: 'MexcClient' object has no attribute 'get_latest_price'
2025-09-13 22:19:45 | INFO | Successfully fetched 500 klines
2025-09-13 22:19:45 | INFO | Received 500 historical price points
2025-09-13 22:19:45 | INFO | Trading engine initialized successfully
2025-09-13 22:19:45 | INFO | Trading engine initialized successfully
2025-09-13 22:20:05 | INFO | Running in headless mode
2025-09-13 22:20:05 | INFO | Active configuration:
2025-09-13 22:20:05 | INFO |   Symbol: XRP_USDT
2025-09-13 22:20:05 | INFO |   Trade Amount: 0.001
2025-09-13 22:20:05 | INFO |   Mode: DRY RUN
2025-09-13 22:20:05 | INFO | Trading UI initialized
2025-09-13 22:20:05 | INFO | Initializing trading engine...
2025-09-13 22:20:05 | INFO | Testing API connection...
2025-09-13 22:20:05 | INFO | Successfully fetched 1 klines
2025-09-13 22:20:05 | INFO | Fetching historical data (attempt 1/3)...
2025-09-13 22:20:05 | INFO | Successfully fetched 500 klines
2025-09-13 22:20:05 | INFO | Received 500 historical price points
2025-09-13 22:20:05 | INFO | Trading engine initialized successfully
2025-09-13 22:20:05 | INFO | Trading bot initialized successfully
2025-09-13 22:20:05 | WARNING | Bot is running in DRY RUN mode - no real trades will be executed
2025-09-13 22:20:05 | INFO | Initializing trading engine...
2025-09-13 22:20:05 | INFO | Initializing trading engine...
2025-09-13 22:20:05 | INFO | Testing API connection...
2025-09-13 22:20:05 | ERROR | Error updating strategy: 'BotConfig' object has no attribute 'dry_run'
2025-09-13 22:20:05 | ERROR | Error getting strategy state: 'MexcClient' object has no attribute 'get_latest_price'
2025-09-13 22:20:05 | INFO | Successfully fetched 1 klines
2025-09-13 22:20:05 | INFO | Fetching historical data (attempt 1/3)...
2025-09-13 22:20:06 | INFO | Successfully fetched 500 klines
2025-09-13 22:20:06 | INFO | Received 500 historical price points
2025-09-13 22:20:06 | INFO | Trading engine initialized successfully
2025-09-13 22:20:06 | INFO | Trading engine initialized successfully
2025-09-13 22:24:16 | ERROR | Request failed: 'NoneType' object has no attribute 'request'
2025-09-13 22:24:16 | ERROR | Error fetching account balances: 'NoneType' object has no attribute 'request'
2025-09-13 22:24:46 | INFO | Running in headless mode
2025-09-13 22:24:46 | INFO | Active configuration:
2025-09-13 22:24:46 | INFO |   Symbol: XRP_USDT
2025-09-13 22:24:46 | INFO |   Trade Amount: 0.001
2025-09-13 22:24:46 | INFO |   Mode: DRY RUN
2025-09-13 22:24:46 | INFO | Initializing trading engine...
2025-09-13 22:24:46 | INFO | Testing API connection...
2025-09-13 22:24:47 | INFO | Successfully fetched 1 klines
2025-09-13 22:24:47 | INFO | Fetching historical data (attempt 1/3)...
2025-09-13 22:24:47 | INFO | Successfully fetched 500 klines
2025-09-13 22:24:47 | INFO | Received 500 historical price points
2025-09-13 22:24:47 | INFO | Trading engine initialized successfully
2025-09-13 22:24:47 | INFO | Trading bot initialized successfully
2025-09-13 22:24:47 | WARNING | Bot is running in DRY RUN mode - no real trades will be executed
2025-09-13 22:24:47 | INFO | Initializing trading engine...
2025-09-13 22:24:47 | INFO | Initializing trading engine...
2025-09-13 22:24:47 | INFO | Testing API connection...
2025-09-13 22:24:47 | ERROR | Error updating strategy: 'BotConfig' object has no attribute 'dry_run'
2025-09-13 22:24:47 | ERROR | Error getting strategy state: 'MexcClient' object has no attribute 'get_latest_price'
2025-09-13 22:24:47 | INFO | Successfully fetched 1 klines
2025-09-13 22:24:47 | INFO | Fetching historical data (attempt 1/3)...
2025-09-13 22:24:48 | INFO | Successfully fetched 500 klines
2025-09-13 22:24:48 | INFO | Received 500 historical price points
2025-09-13 22:24:48 | INFO | Trading engine initialized successfully
2025-09-13 22:24:48 | INFO | Trading engine initialized successfully
2025-09-13 22:25:14 | INFO | Active configuration:
2025-09-13 22:25:14 | INFO |   Symbol: XRP_USDT
2025-09-13 22:25:14 | INFO |   Trade Amount: 0.001
2025-09-13 22:25:14 | INFO |   Mode: DRY RUN
2025-09-13 22:25:14 | INFO | Initializing trading engine...
2025-09-13 22:25:14 | INFO | Testing API connection...
2025-09-13 22:25:14 | INFO | Successfully fetched 1 klines
2025-09-13 22:25:14 | INFO | Fetching historical data (attempt 1/3)...
2025-09-13 22:25:15 | INFO | Successfully fetched 500 klines
2025-09-13 22:25:15 | INFO | Received 500 historical price points
2025-09-13 22:25:15 | INFO | Trading engine initialized successfully
2025-09-13 22:25:15 | INFO | Trading bot initialized successfully
2025-09-13 22:25:15 | WARNING | Bot is running in DRY RUN mode - no real trades will be executed
2025-09-13 22:25:15 | ERROR | Failed to initialize curses: 'TradingBotUI' object has no attribute 'COLORS'
2025-09-13 22:25:15 | WARNING | Failed to initialize curses UI, falling back to headless mode
2025-09-13 22:25:15 | INFO | Initializing trading engine...
2025-09-13 22:25:15 | INFO | Initializing trading engine...
2025-09-13 22:25:15 | INFO | Testing API connection...
2025-09-13 22:25:15 | INFO | Successfully fetched 1 klines
2025-09-13 22:25:15 | INFO | Fetching historical data (attempt 1/3)...
2025-09-13 22:25:15 | ERROR | Error updating strategy: 'BotConfig' object has no attribute 'dry_run'
2025-09-13 22:25:15 | ERROR | Error getting strategy state: 'MexcClient' object has no attribute 'get_latest_price'
2025-09-13 22:25:15 | INFO | Successfully fetched 500 klines
2025-09-13 22:25:15 | INFO | Received 500 historical price points
2025-09-13 22:25:15 | INFO | Trading engine initialized successfully
2025-09-13 22:25:15 | INFO | Trading engine initialized successfully
2025-09-13 22:27:49 | INFO | Active configuration:
2025-09-13 22:27:49 | INFO |   Symbol: XRP_USDT
2025-09-13 22:27:49 | INFO |   Trade Amount: 0.001
2025-09-13 22:27:49 | INFO |   Mode: DRY RUN
2025-09-13 22:27:49 | INFO | Trading UI initialized
2025-09-13 22:27:49 | ERROR | Failed to initialize colors: must call initscr() first
2025-09-13 22:27:49 | INFO | Initializing trading engine...
2025-09-13 22:27:49 | INFO | Testing API connection...
2025-09-13 22:27:50 | INFO | Successfully fetched 1 klines
2025-09-13 22:27:50 | INFO | Fetching historical data (attempt 1/3)...
2025-09-13 22:27:50 | INFO | Successfully fetched 500 klines
2025-09-13 22:27:50 | INFO | Received 500 historical price points
2025-09-13 22:27:50 | INFO | Trading engine initialized successfully
2025-09-13 22:27:50 | INFO | Trading bot initialized successfully
2025-09-13 22:27:50 | WARNING | Bot is running in DRY RUN mode - no real trades will be executed
2025-09-13 22:27:50 | INFO | Initializing trading engine...
2025-09-13 22:27:50 | INFO | Initializing trading engine...
2025-09-13 22:27:50 | INFO | Testing API connection...
2025-09-13 22:27:50 | INFO | Successfully fetched 1 klines
2025-09-13 22:27:50 | INFO | Fetching historical data (attempt 1/3)...
2025-09-13 22:27:50 | ERROR | Error updating strategy: 'BotConfig' object has no attribute 'dry_run'
2025-09-13 22:27:50 | ERROR | Error getting strategy state: 'MexcClient' object has no attribute 'get_latest_price'
2025-09-13 22:27:50 | INFO | Successfully fetched 500 klines
2025-09-13 22:27:50 | INFO | Received 500 historical price points
2025-09-13 22:27:50 | INFO | Trading engine initialized successfully
2025-09-13 22:27:50 | INFO | Trading engine initialized successfully
2025-09-13 22:27:50 | ERROR | Display update error: 'TradingBotUI' object has no attribute 'session_performance'
2025-09-13 22:27:50 | ERROR | Display update error: 'TradingBotUI' object has no attribute 'session_performance'
2025-09-13 22:27:52 | ERROR | Display update error: 'TradingBotUI' object has no attribute 'session_performance'
2025-09-13 22:27:53 | ERROR | Display update error: 'TradingBotUI' object has no attribute 'session_performance'
2025-09-13 22:27:54 | ERROR | Display update error: 'TradingBotUI' object has no attribute 'session_performance'
2025-09-13 22:27:55 | ERROR | Display update error: 'TradingBotUI' object has no attribute 'session_performance'
2025-09-13 22:27:57 | ERROR | Display update error: 'TradingBotUI' object has no attribute 'session_performance'
2025-09-13 22:27:58 | ERROR | Display update error: 'TradingBotUI' object has no attribute 'session_performance'
2025-09-13 22:27:59 | ERROR | Display update error: 'TradingBotUI' object has no attribute 'session_performance'
2025-09-13 22:28:01 | ERROR | Display update error: 'TradingBotUI' object has no attribute 'session_performance'
2025-09-13 22:28:02 | ERROR | Display update error: 'TradingBotUI' object has no attribute 'session_performance'
2025-09-13 22:28:03 | ERROR | Display update error: 'TradingBotUI' object has no attribute 'session_performance'
2025-09-13 22:28:04 | ERROR | Display update error: 'TradingBotUI' object has no attribute 'session_performance'
2025-09-13 22:28:05 | ERROR | Display update error: 'TradingBotUI' object has no attribute 'session_performance'
2025-09-13 22:28:07 | ERROR | Display update error: 'TradingBotUI' object has no attribute 'session_performance'
2025-09-13 22:28:08 | ERROR | Display update error: 'TradingBotUI' object has no attribute 'session_performance'
2025-09-13 22:28:09 | ERROR | Display update error: 'TradingBotUI' object has no attribute 'session_performance'
2025-09-13 22:28:10 | ERROR | Display update error: 'TradingBotUI' object has no attribute 'session_performance'
2025-09-13 22:28:11 | ERROR | Display update error: 'TradingBotUI' object has no attribute 'session_performance'
2025-09-13 22:28:13 | ERROR | Display update error: 'TradingBotUI' object has no attribute 'session_performance'
2025-09-13 22:28:14 | ERROR | Display update error: 'TradingBotUI' object has no attribute 'session_performance'
2025-09-13 22:28:15 | ERROR | Display update error: 'TradingBotUI' object has no attribute 'session_performance'
2025-09-13 22:28:16 | ERROR | Display update error: 'TradingBotUI' object has no attribute 'session_performance'
2025-09-13 22:28:18 | ERROR | Display update error: 'TradingBotUI' object has no attribute 'session_performance'
2025-09-13 22:28:19 | ERROR | Display update error: 'TradingBotUI' object has no attribute 'session_performance'
2025-09-13 22:28:20 | ERROR | Display update error: 'TradingBotUI' object has no attribute 'session_performance'
2025-09-13 22:28:21 | ERROR | Display update error: 'TradingBotUI' object has no attribute 'session_performance'
2025-09-13 22:28:22 | ERROR | Display update error: 'TradingBotUI' object has no attribute 'session_performance'
2025-09-13 22:28:24 | ERROR | Display update error: 'TradingBotUI' object has no attribute 'session_performance'
2025-09-13 22:28:25 | ERROR | Display update error: 'TradingBotUI' object has no attribute 'session_performance'
2025-09-13 22:28:26 | ERROR | Display update error: 'TradingBotUI' object has no attribute 'session_performance'
2025-09-13 22:28:27 | ERROR | Display update error: 'TradingBotUI' object has no attribute 'session_performance'
2025-09-13 22:28:29 | ERROR | Display update error: 'TradingBotUI' object has no attribute 'session_performance'
2025-09-13 22:28:30 | ERROR | Display update error: 'TradingBotUI' object has no attribute 'session_performance'
2025-09-13 22:28:31 | ERROR | Display update error: 'TradingBotUI' object has no attribute 'session_performance'
2025-09-13 22:28:33 | ERROR | Display update error: 'TradingBotUI' object has no attribute 'session_performance'
2025-09-13 22:28:34 | ERROR | Display update error: 'TradingBotUI' object has no attribute 'session_performance'
2025-09-13 22:28:35 | ERROR | Display update error: 'TradingBotUI' object has no attribute 'session_performance'
2025-09-13 22:28:36 | ERROR | Display update error: 'TradingBotUI' object has no attribute 'session_performance'
2025-09-13 22:28:37 | ERROR | Display update error: 'TradingBotUI' object has no attribute 'session_performance'
2025-09-13 22:28:39 | ERROR | Display update error: 'TradingBotUI' object has no attribute 'session_performance'
2025-09-13 22:28:40 | ERROR | Display update error: 'TradingBotUI' object has no attribute 'session_performance'
2025-09-13 22:28:41 | ERROR | Display update error: 'TradingBotUI' object has no attribute 'session_performance'
2025-09-13 22:28:42 | ERROR | Display update error: 'TradingBotUI' object has no attribute 'session_performance'
2025-09-13 22:28:43 | ERROR | Display update error: 'TradingBotUI' object has no attribute 'session_performance'
2025-09-13 22:28:45 | ERROR | Display update error: 'TradingBotUI' object has no attribute 'session_performance'
2025-09-13 22:28:46 | ERROR | Display update error: 'TradingBotUI' object has no attribute 'session_performance'
2025-09-13 22:28:47 | ERROR | Display update error: 'TradingBotUI' object has no attribute 'session_performance'
2025-09-13 22:28:48 | ERROR | Display update error: 'TradingBotUI' object has no attribute 'session_performance'
2025-09-13 22:28:50 | ERROR | Display update error: 'TradingBotUI' object has no attribute 'session_performance'
2025-09-13 22:28:51 | ERROR | Display update error: 'TradingBotUI' object has no attribute 'session_performance'
2025-09-13 22:28:52 | ERROR | Display update error: 'TradingBotUI' object has no attribute 'session_performance'
2025-09-13 22:28:53 | INFO | Active configuration:
2025-09-13 22:28:53 | INFO |   Symbol: XRP_USDT
2025-09-13 22:28:53 | INFO |   Trade Amount: 0.001
2025-09-13 22:28:53 | INFO |   Mode: DRY RUN
2025-09-13 22:28:53 | INFO | Trading UI initialized
2025-09-13 22:28:53 | ERROR | Failed to initialize colors: must call initscr() first
2025-09-13 22:28:53 | INFO | Initializing trading engine...
2025-09-13 22:28:53 | INFO | Testing API connection...
2025-09-13 22:28:53 | INFO | Successfully fetched 1 klines
2025-09-13 22:28:53 | INFO | Fetching historical data (attempt 1/3)...
2025-09-13 22:28:54 | INFO | Successfully fetched 500 klines
2025-09-13 22:28:54 | INFO | Received 500 historical price points
2025-09-13 22:28:54 | INFO | Trading engine initialized successfully
2025-09-13 22:28:54 | INFO | Trading bot initialized successfully
2025-09-13 22:28:54 | WARNING | Bot is running in DRY RUN mode - no real trades will be executed
2025-09-13 22:28:54 | INFO | Initializing trading engine...
2025-09-13 22:28:54 | INFO | Initializing trading engine...
2025-09-13 22:28:54 | INFO | Testing API connection...
2025-09-13 22:28:54 | INFO | Successfully fetched 1 klines
2025-09-13 22:28:54 | INFO | Fetching historical data (attempt 1/3)...
2025-09-13 22:28:54 | ERROR | Error updating strategy: 'BotConfig' object has no attribute 'dry_run'
2025-09-13 22:28:54 | ERROR | Error getting strategy state: 'MexcClient' object has no attribute 'get_latest_price'
2025-09-13 22:28:54 | INFO | Successfully fetched 500 klines
2025-09-13 22:28:54 | INFO | Received 500 historical price points
2025-09-13 22:28:54 | INFO | Trading engine initialized successfully
2025-09-13 22:28:54 | INFO | Trading engine initialized successfully
2025-09-13 22:28:54 | ERROR | Display update error: 'TradingBotUI' object has no attribute 'session_performance'
2025-09-13 22:28:54 | ERROR | Display update error: 'TradingBotUI' object has no attribute 'session_performance'
2025-09-13 22:28:56 | ERROR | Display update error: 'TradingBotUI' object has no attribute 'session_performance'
2025-09-13 22:28:57 | ERROR | Display update error: 'TradingBotUI' object has no attribute 'session_performance'
2025-09-13 22:28:58 | ERROR | Display update error: 'TradingBotUI' object has no attribute 'session_performance'
2025-09-13 22:29:00 | ERROR | Display update error: 'TradingBotUI' object has no attribute 'session_performance'
2025-09-13 22:29:01 | ERROR | Display update error: 'TradingBotUI' object has no attribute 'session_performance'
2025-09-13 22:29:02 | ERROR | Display update error: 'TradingBotUI' object has no attribute 'session_performance'
2025-09-13 22:29:03 | ERROR | Display update error: 'TradingBotUI' object has no attribute 'session_performance'
2025-09-13 22:29:04 | ERROR | Display update error: 'TradingBotUI' object has no attribute 'session_performance'
2025-09-13 22:29:06 | ERROR | Display update error: 'TradingBotUI' object has no attribute 'session_performance'
2025-09-13 22:29:07 | ERROR | Display update error: 'TradingBotUI' object has no attribute 'session_performance'
2025-09-13 22:29:08 | ERROR | Display update error: 'TradingBotUI' object has no attribute 'session_performance'
2025-09-13 22:29:09 | ERROR | Display update error: 'TradingBotUI' object has no attribute 'session_performance'
2025-09-13 22:29:10 | ERROR | Display update error: 'TradingBotUI' object has no attribute 'session_performance'
2025-09-13 22:29:12 | ERROR | Display update error: 'TradingBotUI' object has no attribute 'session_performance'
2025-09-13 22:29:13 | ERROR | Display update error: 'TradingBotUI' object has no attribute 'session_performance'
2025-09-13 22:29:14 | ERROR | Display update error: 'TradingBotUI' object has no attribute 'session_performance'
2025-09-13 22:29:15 | ERROR | Display update error: 'TradingBotUI' object has no attribute 'session_performance'
2025-09-13 22:29:17 | ERROR | Display update error: 'TradingBotUI' object has no attribute 'session_performance'
2025-09-13 22:29:18 | ERROR | Display update error: 'TradingBotUI' object has no attribute 'session_performance'
2025-09-13 22:29:19 | ERROR | Display update error: 'TradingBotUI' object has no attribute 'session_performance'
2025-09-13 22:29:20 | ERROR | Display update error: 'TradingBotUI' object has no attribute 'session_performance'
2025-09-13 22:29:22 | ERROR | Display update error: 'TradingBotUI' object has no attribute 'session_performance'
2025-09-13 22:29:23 | ERROR | Display update error: 'TradingBotUI' object has no attribute 'session_performance'
2025-09-13 22:29:24 | ERROR | Display update error: 'TradingBotUI' object has no attribute 'session_performance'
2025-09-13 22:29:25 | ERROR | Display update error: 'TradingBotUI' object has no attribute 'session_performance'
2025-09-13 22:29:27 | ERROR | Display update error: 'TradingBotUI' object has no attribute 'session_performance'
2025-09-13 22:29:28 | ERROR | Display update error: 'TradingBotUI' object has no attribute 'session_performance'
2025-09-13 22:29:29 | ERROR | Display update error: 'TradingBotUI' object has no attribute 'session_performance'
2025-09-13 22:29:30 | ERROR | Display update error: 'TradingBotUI' object has no attribute 'session_performance'
2025-09-13 22:29:32 | ERROR | Display update error: 'TradingBotUI' object has no attribute 'session_performance'
2025-09-13 22:29:33 | ERROR | Display update error: 'TradingBotUI' object has no attribute 'session_performance'
2025-09-13 22:29:34 | ERROR | Display update error: 'TradingBotUI' object has no attribute 'session_performance'
2025-09-13 22:29:35 | ERROR | Display update error: 'TradingBotUI' object has no attribute 'session_performance'
2025-09-13 22:29:36 | ERROR | Display update error: 'TradingBotUI' object has no attribute 'session_performance'
2025-09-13 22:29:38 | ERROR | Display update error: 'TradingBotUI' object has no attribute 'session_performance'
2025-09-13 22:29:39 | ERROR | Display update error: 'TradingBotUI' object has no attribute 'session_performance'
2025-09-13 22:29:40 | ERROR | Display update error: 'TradingBotUI' object has no attribute 'session_performance'
2025-09-13 22:29:41 | ERROR | Display update error: 'TradingBotUI' object has no attribute 'session_performance'
2025-09-13 22:29:43 | ERROR | Display update error: 'TradingBotUI' object has no attribute 'session_performance'
2025-09-13 22:29:44 | ERROR | Display update error: 'TradingBotUI' object has no attribute 'session_performance'
2025-09-13 22:29:45 | ERROR | Display update error: 'TradingBotUI' object has no attribute 'session_performance'
2025-09-13 22:29:46 | ERROR | Display update error: 'TradingBotUI' object has no attribute 'session_performance'
2025-09-13 22:29:48 | ERROR | Display update error: 'TradingBotUI' object has no attribute 'session_performance'
2025-09-13 22:29:49 | ERROR | Display update error: 'TradingBotUI' object has no attribute 'session_performance'
2025-09-13 22:29:50 | ERROR | Display update error: 'TradingBotUI' object has no attribute 'session_performance'
2025-09-13 22:29:51 | ERROR | Display update error: 'TradingBotUI' object has no attribute 'session_performance'
2025-09-13 22:29:53 | ERROR | Display update error: 'TradingBotUI' object has no attribute 'session_performance'
2025-09-13 22:29:54 | ERROR | Display update error: 'TradingBotUI' object has no attribute 'session_performance'
2025-09-13 22:29:55 | ERROR | Display update error: 'TradingBotUI' object has no attribute 'session_performance'
2025-09-13 22:29:56 | ERROR | Display update error: 'TradingBotUI' object has no attribute 'session_performance'
2025-09-13 22:29:58 | ERROR | Display update error: 'TradingBotUI' object has no attribute 'session_performance'
2025-09-13 22:29:59 | ERROR | Display update error: 'TradingBotUI' object has no attribute 'session_performance'
2025-09-13 22:30:00 | ERROR | Display update error: 'TradingBotUI' object has no attribute 'session_performance'
2025-09-13 22:30:01 | ERROR | Display update error: 'TradingBotUI' object has no attribute 'session_performance'
2025-09-13 22:30:03 | ERROR | Display update error: 'TradingBotUI' object has no attribute 'session_performance'
2025-09-13 22:30:04 | ERROR | Display update error: 'TradingBotUI' object has no attribute 'session_performance'
2025-09-13 22:30:05 | ERROR | Display update error: 'TradingBotUI' object has no attribute 'session_performance'
2025-09-13 22:30:06 | ERROR | Display update error: 'TradingBotUI' object has no attribute 'session_performance'
2025-09-13 22:30:08 | ERROR | Display update error: 'TradingBotUI' object has no attribute 'session_performance'
2025-09-13 22:30:09 | ERROR | Display update error: 'TradingBotUI' object has no attribute 'session_performance'
2025-09-13 22:30:10 | ERROR | Display update error: 'TradingBotUI' object has no attribute 'session_performance'
2025-09-13 22:30:11 | ERROR | Display update error: 'TradingBotUI' object has no attribute 'session_performance'
2025-09-13 22:30:13 | ERROR | Display update error: 'TradingBotUI' object has no attribute 'session_performance'
2025-09-13 22:30:14 | ERROR | Display update error: 'TradingBotUI' object has no attribute 'session_performance'
2025-09-13 22:30:15 | ERROR | Display update error: 'TradingBotUI' object has no attribute 'session_performance'
2025-09-13 22:30:16 | ERROR | Display update error: 'TradingBotUI' object has no attribute 'session_performance'
2025-09-13 22:30:18 | ERROR | Display update error: 'TradingBotUI' object has no attribute 'session_performance'
2025-09-13 22:30:19 | ERROR | Display update error: 'TradingBotUI' object has no attribute 'session_performance'
2025-09-13 22:30:20 | ERROR | Display update error: 'TradingBotUI' object has no attribute 'session_performance'
2025-09-13 22:30:21 | ERROR | Display update error: 'TradingBotUI' object has no attribute 'session_performance'
2025-09-13 22:30:23 | ERROR | Display update error: 'TradingBotUI' object has no attribute 'session_performance'
2025-09-13 22:30:24 | ERROR | Display update error: 'TradingBotUI' object has no attribute 'session_performance'
2025-09-13 22:30:25 | ERROR | Display update error: 'TradingBotUI' object has no attribute 'session_performance'
2025-09-13 22:30:26 | ERROR | Display update error: 'TradingBotUI' object has no attribute 'session_performance'
2025-09-13 22:30:27 | ERROR | Display update error: 'TradingBotUI' object has no attribute 'session_performance'
2025-09-13 22:30:29 | ERROR | Display update error: 'TradingBotUI' object has no attribute 'session_performance'
2025-09-13 22:30:30 | ERROR | Display update error: 'TradingBotUI' object has no attribute 'session_performance'
2025-09-13 22:30:31 | ERROR | Display update error: 'TradingBotUI' object has no attribute 'session_performance'
2025-09-13 22:30:32 | ERROR | Display update error: 'TradingBotUI' object has no attribute 'session_performance'
2025-09-13 22:30:34 | ERROR | Display update error: 'TradingBotUI' object has no attribute 'session_performance'
2025-09-13 22:30:35 | ERROR | Display update error: 'TradingBotUI' object has no attribute 'session_performance'
2025-09-13 22:30:36 | ERROR | Display update error: 'TradingBotUI' object has no attribute 'session_performance'
2025-09-13 22:30:37 | ERROR | Display update error: 'TradingBotUI' object has no attribute 'session_performance'
2025-09-13 22:30:39 | ERROR | Display update error: 'TradingBotUI' object has no attribute 'session_performance'
2025-09-13 22:30:40 | ERROR | Display update error: 'TradingBotUI' object has no attribute 'session_performance'
2025-09-13 22:30:41 | ERROR | Display update error: 'TradingBotUI' object has no attribute 'session_performance'
2025-09-13 22:30:42 | ERROR | Display update error: 'TradingBotUI' object has no attribute 'session_performance'
2025-09-13 22:30:44 | ERROR | Display update error: 'TradingBotUI' object has no attribute 'session_performance'
2025-09-13 22:30:45 | ERROR | Display update error: 'TradingBotUI' object has no attribute 'session_performance'
2025-09-13 22:30:46 | ERROR | Display update error: 'TradingBotUI' object has no attribute 'session_performance'
2025-09-13 22:30:47 | ERROR | Display update error: 'TradingBotUI' object has no attribute 'session_performance'
2025-09-13 22:30:49 | ERROR | Display update error: 'TradingBotUI' object has no attribute 'session_performance'
2025-09-13 22:30:50 | ERROR | Display update error: 'TradingBotUI' object has no attribute 'session_performance'
2025-09-13 22:30:51 | ERROR | Display update error: 'TradingBotUI' object has no attribute 'session_performance'
2025-09-13 22:30:52 | ERROR | Display update error: 'TradingBotUI' object has no attribute 'session_performance'
2025-09-13 22:30:54 | ERROR | Display update error: 'TradingBotUI' object has no attribute 'session_performance'
2025-09-13 22:30:55 | ERROR | Display update error: 'TradingBotUI' object has no attribute 'session_performance'
2025-09-13 22:30:56 | ERROR | Display update error: 'TradingBotUI' object has no attribute 'session_performance'
2025-09-13 22:30:58 | ERROR | Display update error: 'TradingBotUI' object has no attribute 'session_performance'
2025-09-13 22:30:59 | ERROR | Display update error: 'TradingBotUI' object has no attribute 'session_performance'
2025-09-13 22:31:00 | ERROR | Display update error: 'TradingBotUI' object has no attribute 'session_performance'
2025-09-13 22:31:01 | ERROR | Display update error: 'TradingBotUI' object has no attribute 'session_performance'
2025-09-13 22:31:02 | ERROR | Display update error: 'TradingBotUI' object has no attribute 'session_performance'
2025-09-13 22:31:04 | ERROR | Display update error: 'TradingBotUI' object has no attribute 'session_performance'
2025-09-13 22:31:05 | ERROR | Display update error: 'TradingBotUI' object has no attribute 'session_performance'
2025-09-13 22:31:06 | ERROR | Display update error: 'TradingBotUI' object has no attribute 'session_performance'
2025-09-13 22:31:07 | ERROR | Display update error: 'TradingBotUI' object has no attribute 'session_performance'
2025-09-13 22:31:09 | ERROR | Display update error: 'TradingBotUI' object has no attribute 'session_performance'
2025-09-13 22:31:10 | ERROR | Display update error: 'TradingBotUI' object has no attribute 'session_performance'
2025-09-13 22:31:11 | ERROR | Display update error: 'TradingBotUI' object has no attribute 'session_performance'
2025-09-13 22:31:12 | ERROR | Display update error: 'TradingBotUI' object has no attribute 'session_performance'
2025-09-13 22:31:13 | ERROR | Display update error: 'TradingBotUI' object has no attribute 'session_performance'
2025-09-13 22:31:15 | ERROR | Display update error: 'TradingBotUI' object has no attribute 'session_performance'
2025-09-13 22:31:16 | ERROR | Display update error: 'TradingBotUI' object has no attribute 'session_performance'
2025-09-13 22:31:17 | ERROR | Display update error: 'TradingBotUI' object has no attribute 'session_performance'
2025-09-13 22:31:18 | ERROR | Display update error: 'TradingBotUI' object has no attribute 'session_performance'
2025-09-13 22:31:20 | ERROR | Display update error: 'TradingBotUI' object has no attribute 'session_performance'
2025-09-13 22:31:21 | ERROR | Display update error: 'TradingBotUI' object has no attribute 'session_performance'
2025-09-13 22:31:22 | ERROR | Display update error: 'TradingBotUI' object has no attribute 'session_performance'
2025-09-13 22:31:23 | ERROR | Display update error: 'TradingBotUI' object has no attribute 'session_performance'
2025-09-13 22:31:24 | ERROR | Error updating strategy: 'BotConfig' object has no attribute 'dry_run'
2025-09-13 22:31:24 | ERROR | Error getting strategy state: 'MexcClient' object has no attribute 'get_latest_price'
2025-09-13 22:31:24 | ERROR | Display update error: 'TradingBotUI' object has no attribute 'session_performance'
2025-09-13 22:31:24 | ERROR | Display update error: 'TradingBotUI' object has no attribute 'session_performance'
2025-09-13 22:31:26 | ERROR | Display update error: 'TradingBotUI' object has no attribute 'session_performance'
2025-09-13 22:31:27 | ERROR | Display update error: 'TradingBotUI' object has no attribute 'session_performance'
2025-09-13 22:31:28 | ERROR | Display update error: 'TradingBotUI' object has no attribute 'session_performance'
2025-09-13 22:31:29 | ERROR | Display update error: 'TradingBotUI' object has no attribute 'session_performance'
2025-09-13 22:31:31 | ERROR | Display update error: 'TradingBotUI' object has no attribute 'session_performance'
2025-09-13 22:31:32 | ERROR | Display update error: 'TradingBotUI' object has no attribute 'session_performance'
2025-09-13 22:31:33 | ERROR | Display update error: 'TradingBotUI' object has no attribute 'session_performance'
2025-09-13 22:31:34 | ERROR | Display update error: 'TradingBotUI' object has no attribute 'session_performance'
2025-09-13 22:31:36 | ERROR | Display update error: 'TradingBotUI' object has no attribute 'session_performance'
2025-09-13 22:31:37 | ERROR | Display update error: 'TradingBotUI' object has no attribute 'session_performance'
2025-09-13 22:31:38 | ERROR | Display update error: 'TradingBotUI' object has no attribute 'session_performance'
2025-09-13 22:31:40 | ERROR | Display update error: 'TradingBotUI' object has no attribute 'session_performance'
2025-09-13 22:31:41 | ERROR | Display update error: 'TradingBotUI' object has no attribute 'session_performance'
2025-09-13 22:31:42 | ERROR | Display update error: 'TradingBotUI' object has no attribute 'session_performance'
2025-09-13 22:31:43 | ERROR | Display update error: 'TradingBotUI' object has no attribute 'session_performance'
2025-09-13 22:45:29 | INFO     | UI         | Trading UI initialized
2025-09-13 22:45:56 | INFO     | UI         | Trading UI initialized
2025-09-13 22:47:32 | INFO     | UI         | Trading UI initialized
2025-09-13 22:47:58 | INFO     | UI         | Trading UI initialized
2025-09-13 22:48:54 | INFO     | UI         | Trading UI initialized
